This file contains any messages produced by compilers while
running configure, to aid debugging if configure makes a mistake.

It was created by GNU Automake configure 1.14, which was
generated by GNU Autoconf 2.69.  Invocation command line was

  $ ./configure 

## --------- ##
## Platform. ##
## --------- ##

hostname = ubuntuBDD
uname -m = x86_64
uname -r = 5.15.0-131-generic
uname -s = Linux
uname -v = #141~20.04.1-Ubuntu SMP Thu Jan 16 18:38:51 UTC 2025

/usr/bin/uname -p = x86_64
/bin/uname -X     = unknown

/bin/arch              = x86_64
/usr/bin/arch -k       = unknown
/usr/convex/getsysinfo = unknown
/usr/bin/hostinfo      = unknown
/bin/machine           = unknown
/usr/bin/oslevel       = unknown
/bin/universe          = unknown

PATH: /usr/local/sbin
PATH: /usr/local/bin
PATH: /usr/sbin
PATH: /usr/bin
PATH: /sbin
PATH: /bin
PATH: /usr/games
PATH: /usr/local/games
PATH: /snap/bin


## ----------- ##
## Core tests. ##
## ----------- ##

configure:2027: checking whether make supports nested variables
configure:2044: result: yes
configure:2060: checking build system type
configure:2074: result: x86_64-unknown-linux-gnu
configure:2094: checking host system type
configure:2107: result: x86_64-unknown-linux-gnu
configure:2160: checking for a BSD-compatible install
configure:2228: result: /usr/bin/install -c
configure:2239: checking whether build environment is sane
configure:2294: result: yes
configure:2443: checking for a thread-safe mkdir -p
configure:2482: result: /usr/bin/mkdir -p
configure:2489: checking for gawk
configure:2519: result: no
configure:2489: checking for mawk
configure:2505: found /usr/bin/mawk
configure:2516: result: mawk
configure:2527: checking whether make sets $(MAKE)
configure:2549: result: yes
configure:2706: checking whether ln -s works
configure:2710: result: yes
configure:2720: checking for perl
configure:2738: found /usr/bin/perl
configure:2750: result: /usr/bin/perl
configure:2762: /usr/bin/perl --version

This is perl 5, version 30, subversion 0 (v5.30.0) built for x86_64-linux-gnu-thread-multi
(with 60 registered patches, see perl -V for more detail)

Copyright 1987-2019, Larry Wall

Perl may be copied only under the terms of either the Artistic License or the
GNU General Public License, which may be found in the Perl 5 source kit.

Complete documentation for Perl, including FAQ lists, should be found on
this system using "man perl" or "perldoc perl".  If you have access to the
Internet, point your browser at http://www.perl.org/, the Perl Home Page.

configure:2765: $? = 0
configure:2777: checking for tex
configure:2807: result: no
configure:2815:  --version </dev/null
./configure: line 2816: --version: command not found
configure:2818: $? = 127
configure:2836: checking for yacc
configure:2866: result: no
configure:2836: checking for byacc
configure:2866: result: no
configure:2836: checking for bison
configure:2866: result: no
configure:2879: checking for lex
configure:2909: result: no
configure:2879: checking for flex
configure:2909: result: no
configure:2927: checking whether autoconf is installed
configure:2932: autoconf --version
autoconf (GNU Autoconf) 2.69
Copyright (C) 2012 Free Software Foundation, Inc.
License GPLv3+/Autoconf: GNU GPL version 3 or later
<http://gnu.org/licenses/gpl.html>, <http://gnu.org/licenses/exceptions.html>
This is free software: you are free to change and redistribute it.
There is NO WARRANTY, to the extent permitted by law.

Written by David J. MacKenzie and Akim Demaille.
configure:2935: $? = 0
configure:2943: result: yes
configure:2950: checking whether autoconf works
configure:2957: cd conftest && autoconf -o /dev/null conftest.ac
configure:2960: $? = 0
configure:2969: result: yes
configure:2976: checking whether autoconf is recent enough
configure:2983: cd conftest && autoconf -o /dev/null conftest.ac
configure:2986: $? = 0
configure:2995: result: yes
configure:3002: checking whether ln works
configure:3022: result: yes
configure:3040: checking for grep that handles long lines and -e
configure:3098: result: /usr/bin/grep
configure:3103: checking for egrep
configure:3165: result: /usr/bin/grep -E
configure:3170: checking for fgrep
configure:3232: result: /usr/bin/grep -F
configure:3275: will now look for a sturdy POSIX shell, for our testsuite
configure:3311: checking for sh
configure:3329: found /usr/bin/sh
configure:3341: result: /usr/bin/sh
configure:3311: checking for sh5
configure:3344: result: no
configure:3311: checking for dash
configure:3329: found /usr/bin/dash
configure:3341: result: /usr/bin/dash
configure:3311: checking for ash
configure:3344: result: no
configure:3311: checking for bash
configure:3329: found /usr/bin/bash
configure:3341: result: /usr/bin/bash
configure:3311: checking for zsh
configure:3344: result: no
configure:3311: checking for ksh
configure:3344: result: no
configure:3311: checking for pdksh
configure:3344: result: no
configure:3365: checking whether /bin/bash supports $(cmd)
configure:3375: result: yes
configure:3385: checking whether /bin/bash supports $((expr))
configure:3395: result: yes
configure:3405: checking whether /bin/bash supports ${#var}
configure:3418: result: yes
configure:3428: checking whether /bin/bash supports ${var#glob} and ${var%glob}
configure:3442: result: yes
configure:3452: checking whether /bin/bash preserves exit traps with "set -e"
configure:3462: result: yes
configure:3472: checking whether /bin/bash can define exit traps in a shell function
configure:3482: result: yes
configure:3492: checking whether /bin/bash corrupts stderr with "set -x"
configure:3506: result: no
configure:3514: checking whether /bin/bash can return early from "dot-sourced" files
configure:3524: result: yes
configure:3536: checking whether /bin/bash supports alias named like shell builtins

configure:3546: result: yes
configure:3556: checking whether /bin/bash supports "test -e"
configure:3566: result: yes
configure:3584: shell /bin/bash is good enough, stop looking
configure:3601: will use /bin/bash as the testsuite shell
configure:3625: will now look for generic compilers
configure:3688: checking for cc
configure:3704: found /usr/bin/cc
configure:3715: result: cc
configure:3748: checking for C compiler version
configure:3757: cc --version >&5
cc (Ubuntu 9.4.0-1ubuntu1~20.04.2) 9.4.0
Copyright (C) 2019 Free Software Foundation, Inc.
This is free software; see the source for copying conditions.  There is NO
warranty; not even for MERCHANTABILITY or FITNESS FOR A PARTICULAR PURPOSE.

configure:3768: $? = 0
configure:3757: cc -v >&5
Using built-in specs.
COLLECT_GCC=cc
COLLECT_LTO_WRAPPER=/usr/lib/gcc/x86_64-linux-gnu/9/lto-wrapper
OFFLOAD_TARGET_NAMES=nvptx-none:hsa
OFFLOAD_TARGET_DEFAULT=1
Target: x86_64-linux-gnu
Configured with: ../src/configure -v --with-pkgversion='Ubuntu 9.4.0-1ubuntu1~20.04.2' --with-bugurl=file:///usr/share/doc/gcc-9/README.Bugs --enable-languages=c,ada,c++,go,brig,d,fortran,objc,obj-c++,gm2 --prefix=/usr --with-gcc-major-version-only --program-suffix=-9 --program-prefix=x86_64-linux-gnu- --enable-shared --enable-linker-build-id --libexecdir=/usr/lib --without-included-gettext --enable-threads=posix --libdir=/usr/lib --enable-nls --enable-clocale=gnu --enable-libstdcxx-debug --enable-libstdcxx-time=yes --with-default-libstdcxx-abi=new --enable-gnu-unique-object --disable-vtable-verify --enable-plugin --enable-default-pie --with-system-zlib --with-target-system-zlib=auto --enable-objc-gc=auto --enable-multiarch --disable-werror --with-arch-32=i686 --with-abi=m64 --with-multilib-list=m32,m64,mx32 --enable-multilib --with-tune=generic --enable-offload-targets=nvptx-none=/build/gcc-9-9QDOt0/gcc-9-9.4.0/debian/tmp-nvptx/usr,hsa --without-cuda-driver --enable-checking=release --build=x86_64-linux-gnu --host=x86_64-linux-gnu --target=x86_64-linux-gnu
Thread model: posix
gcc version 9.4.0 (Ubuntu 9.4.0-1ubuntu1~20.04.2) 
configure:3768: $? = 0
configure:3757: cc -V >&5
cc: error: unrecognized command line option '-V'
cc: fatal error: no input files
compilation terminated.
configure:3768: $? = 1
configure:3757: cc -qversion >&5
cc: error: unrecognized command line option '-qversion'; did you mean '--version'?
cc: fatal error: no input files
compilation terminated.
configure:3768: $? = 1
configure:3788: checking whether the C compiler works
configure:3810: cc    conftest.c  >&5
configure:3814: $? = 0
configure:3864: result: yes
configure:3867: checking for C compiler default output file name
configure:3869: result: a.out
configure:3875: checking for suffix of executables
configure:3882: cc -o conftest    conftest.c  >&5
configure:3886: $? = 0
configure:3910: result: 
configure:3932: checking whether we are cross compiling
configure:3940: cc -o conftest    conftest.c  >&5
configure:3944: $? = 0
configure:3951: ./conftest
configure:3955: $? = 0
configure:3973: result: no
configure:3978: checking for suffix of object files
configure:4000: cc -c   conftest.c >&5
configure:4004: $? = 0
configure:4027: result: o
configure:4031: checking whether we are using the GNU C compiler
configure:4050: cc -c   conftest.c >&5
configure:4050: $? = 0
configure:4059: result: yes
configure:4068: checking whether cc accepts -g
configure:4088: cc -c -g  conftest.c >&5
configure:4088: $? = 0
configure:4129: result: yes
configure:4146: checking for cc option to accept ISO C89
configure:4209: cc  -c -g -O2  conftest.c >&5
configure:4209: $? = 0
configure:4222: result: none needed
configure:4247: checking whether cc understands -c and -o together
configure:4269: cc -c conftest.c -o conftest2.o
configure:4272: $? = 0
configure:4269: cc -c conftest.c -o conftest2.o
configure:4272: $? = 0
configure:4284: result: yes
configure:4046: checking for aCC
configure:4076: result: no
configure:4046: checking for CC
configure:4076: result: no
configure:4046: checking for FCC
configure:4076: result: no
configure:4046: checking for KCC
configure:4076: result: no
configure:4046: checking for RCC
configure:4076: result: no
configure:4046: checking for xlC_r
configure:4076: result: no
configure:4046: checking for xlC
configure:4076: result: no
configure:4046: checking for c++
configure:4062: found /usr/bin/c++
configure:4073: result: c++
configure:4100: checking for C++ compiler version
configure:4109: c++ --version >&5
c++ (Ubuntu 9.4.0-1ubuntu1~20.04.2) 9.4.0
Copyright (C) 2019 Free Software Foundation, Inc.
This is free software; see the source for copying conditions.  There is NO
warranty; not even for MERCHANTABILITY or FITNESS FOR A PARTICULAR PURPOSE.

configure:4120: $? = 0
configure:4109: c++ -v >&5
Using built-in specs.
COLLECT_GCC=c++
COLLECT_LTO_WRAPPER=/usr/lib/gcc/x86_64-linux-gnu/9/lto-wrapper
OFFLOAD_TARGET_NAMES=nvptx-none:hsa
OFFLOAD_TARGET_DEFAULT=1
Target: x86_64-linux-gnu
Configured with: ../src/configure -v --with-pkgversion='Ubuntu 9.4.0-1ubuntu1~20.04.2' --with-bugurl=file:///usr/share/doc/gcc-9/README.Bugs --enable-languages=c,ada,c++,go,brig,d,fortran,objc,obj-c++,gm2 --prefix=/usr --with-gcc-major-version-only --program-suffix=-9 --program-prefix=x86_64-linux-gnu- --enable-shared --enable-linker-build-id --libexecdir=/usr/lib --without-included-gettext --enable-threads=posix --libdir=/usr/lib --enable-nls --enable-clocale=gnu --enable-libstdcxx-debug --enable-libstdcxx-time=yes --with-default-libstdcxx-abi=new --enable-gnu-unique-object --disable-vtable-verify --enable-plugin --enable-default-pie --with-system-zlib --with-target-system-zlib=auto --enable-objc-gc=auto --enable-multiarch --disable-werror --with-arch-32=i686 --with-abi=m64 --with-multilib-list=m32,m64,mx32 --enable-multilib --with-tune=generic --enable-offload-targets=nvptx-none=/build/gcc-9-9QDOt0/gcc-9-9.4.0/debian/tmp-nvptx/usr,hsa --without-cuda-driver --enable-checking=release --build=x86_64-linux-gnu --host=x86_64-linux-gnu --target=x86_64-linux-gnu
Thread model: posix
gcc version 9.4.0 (Ubuntu 9.4.0-1ubuntu1~20.04.2) 
configure:4120: $? = 0
configure:4109: c++ -V >&5
c++: error: unrecognized command line option '-V'
c++: fatal error: no input files
compilation terminated.
configure:4120: $? = 1
configure:4109: c++ -qversion >&5
c++: error: unrecognized command line option '-qversion'; did you mean '--version'?
c++: fatal error: no input files
compilation terminated.
configure:4120: $? = 1
configure:4140: checking whether the C++ compiler works
configure:4162: c++    conftest.cpp  >&5
configure:4166: $? = 0
configure:4216: result: yes
configure:4219: checking for C++ compiler default output file name
configure:4221: result: a.out
configure:4227: checking for suffix of executables
configure:4234: c++ -o conftest    conftest.cpp  >&5
configure:4238: $? = 0
configure:4262: result: 
configure:4284: checking whether we are cross compiling
configure:4292: c++ -o conftest    conftest.cpp  >&5
configure:4296: $? = 0
configure:4303: ./conftest
configure:4307: $? = 0
configure:4325: result: no
configure:4330: checking for suffix of object files
configure:4352: c++ -c   conftest.cpp >&5
configure:4356: $? = 0
configure:4379: result: o
configure:4383: checking whether we are using the GNU C++ compiler
configure:4402: c++ -c   conftest.cpp >&5
configure:4402: $? = 0
configure:4411: result: yes
configure:4420: checking whether c++ accepts -g
configure:4440: c++ -c -g  conftest.cpp >&5
configure:4440: $? = 0
configure:4481: result: yes
configure:4381: checking for xlf95
configure:4411: result: no
configure:4381: checking for f95
configure:4411: result: no
configure:4381: checking for fort
configure:4411: result: no
configure:4381: checking for ifort
configure:4411: result: no
configure:4381: checking for ifc
configure:4411: result: no
configure:4381: checking for efc
configure:4411: result: no
configure:4381: checking for pgfortran
configure:4411: result: no
configure:4381: checking for pgf95
configure:4411: result: no
configure:4381: checking for lf95
configure:4411: result: no
configure:4381: checking for ftn
configure:4411: result: no
configure:4381: checking for nagfor
configure:4411: result: no
configure:4381: checking for xlf90
configure:4411: result: no
configure:4381: checking for f90
configure:4411: result: no
configure:4381: checking for pgf90
configure:4411: result: no
configure:4381: checking for pghpf
configure:4411: result: no
configure:4381: checking for epcf90
configure:4411: result: no
configure:4381: checking for g95
configure:4411: result: no
configure:4381: checking for gfortran
configure:4411: result: no
configure:4434: checking for Fortran compiler version
configure:4443:  --version >&5
./configure: line 4445: --version: command not found
configure:4454: $? = 127
configure:4443:  -v >&5
./configure: line 4445: -v: command not found
configure:4454: $? = 127
configure:4443:  -V >&5
./configure: line 4445: -V: command not found
configure:4454: $? = 127
configure:4443:  -qversion >&5
./configure: line 4445: -qversion: command not found
configure:4454: $? = 127
configure:4469: checking whether the Fortran compiler works
configure:4491:     conftest.f  >&5
./configure: line 4493: conftest.f: command not found
configure:4495: $? = 127
configure:4533: result: no
configure: failed program was:
|       program main
| 
|       end
configure:4539: WARNING: Fortran compiler cannot create executables
configure:4783: tests requiring the Fortran compiler will be skipped
configure:4863: checking for xlf
configure:4893: result: no
configure:4863: checking for f77
configure:4893: result: no
configure:4863: checking for frt
configure:4893: result: no
configure:4863: checking for pgf77
configure:4893: result: no
configure:4863: checking for cf77
configure:4893: result: no
configure:4863: checking for fort77
configure:4893: result: no
configure:4863: checking for fl32
configure:4893: result: no
configure:4863: checking for af77
configure:4893: result: no
configure:4863: checking for g77
configure:4893: result: no
configure:4863: checking for gfortran
configure:4893: result: no
configure:4916: checking for Fortran 77 compiler version
configure:4925:  --version >&5
./configure: line 4927: --version: command not found
configure:4936: $? = 127
configure:4925:  -v >&5
./configure: line 4927: -v: command not found
configure:4936: $? = 127
configure:4925:  -V >&5
./configure: line 4927: -V: command not found
configure:4936: $? = 127
configure:4925:  -qversion >&5
./configure: line 4927: -qversion: command not found
configure:4936: $? = 127
configure:4951: checking whether the Fortran 77 compiler works
configure:4973:    conftest.f  >&5
./configure: line 4975: conftest.f: command not found
configure:4977: $? = 127
configure:5015: result: no
configure: failed program was:
|       program main
| 
|       end
configure:5021: WARNING: Fortran 77 compiler cannot create executables
configure:5265: tests requiring the Fortran 77 compiler will be skipped
configure:5297: will now look for GNU compilers
configure:5304: cc is already a GNU C compiler
configure:5410: cc --version && cc -v
cc (Ubuntu 9.4.0-1ubuntu1~20.04.2) 9.4.0
Copyright (C) 2019 Free Software Foundation, Inc.
This is free software; see the source for copying conditions.  There is NO
warranty; not even for MERCHANTABILITY or FITNESS FOR A PARTICULAR PURPOSE.

Using built-in specs.
COLLECT_GCC=cc
COLLECT_LTO_WRAPPER=/usr/lib/gcc/x86_64-linux-gnu/9/lto-wrapper
OFFLOAD_TARGET_NAMES=nvptx-none:hsa
OFFLOAD_TARGET_DEFAULT=1
Target: x86_64-linux-gnu
Configured with: ../src/configure -v --with-pkgversion='Ubuntu 9.4.0-1ubuntu1~20.04.2' --with-bugurl=file:///usr/share/doc/gcc-9/README.Bugs --enable-languages=c,ada,c++,go,brig,d,fortran,objc,obj-c++,gm2 --prefix=/usr --with-gcc-major-version-only --program-suffix=-9 --program-prefix=x86_64-linux-gnu- --enable-shared --enable-linker-build-id --libexecdir=/usr/lib --without-included-gettext --enable-threads=posix --libdir=/usr/lib --enable-nls --enable-clocale=gnu --enable-libstdcxx-debug --enable-libstdcxx-time=yes --with-default-libstdcxx-abi=new --enable-gnu-unique-object --disable-vtable-verify --enable-plugin --enable-default-pie --with-system-zlib --with-target-system-zlib=auto --enable-objc-gc=auto --enable-multiarch --disable-werror --with-arch-32=i686 --with-abi=m64 --with-multilib-list=m32,m64,mx32 --enable-multilib --with-tune=generic --enable-offload-targets=nvptx-none=/build/gcc-9-9QDOt0/gcc-9-9.4.0/debian/tmp-nvptx/usr,hsa --without-cuda-driver --enable-checking=release --build=x86_64-linux-gnu --host=x86_64-linux-gnu --target=x86_64-linux-gnu
Thread model: posix
gcc version 9.4.0 (Ubuntu 9.4.0-1ubuntu1~20.04.2) 
configure:5413: $? = 0
configure:5428: c++ is already a GNU C++ compiler
configure:5535: c++ --version && c++ -v
c++ (Ubuntu 9.4.0-1ubuntu1~20.04.2) 9.4.0
Copyright (C) 2019 Free Software Foundation, Inc.
This is free software; see the source for copying conditions.  There is NO
warranty; not even for MERCHANTABILITY or FITNESS FOR A PARTICULAR PURPOSE.

Using built-in specs.
COLLECT_GCC=c++
COLLECT_LTO_WRAPPER=/usr/lib/gcc/x86_64-linux-gnu/9/lto-wrapper
OFFLOAD_TARGET_NAMES=nvptx-none:hsa
OFFLOAD_TARGET_DEFAULT=1
Target: x86_64-linux-gnu
Configured with: ../src/configure -v --with-pkgversion='Ubuntu 9.4.0-1ubuntu1~20.04.2' --with-bugurl=file:///usr/share/doc/gcc-9/README.Bugs --enable-languages=c,ada,c++,go,brig,d,fortran,objc,obj-c++,gm2 --prefix=/usr --with-gcc-major-version-only --program-suffix=-9 --program-prefix=x86_64-linux-gnu- --enable-shared --enable-linker-build-id --libexecdir=/usr/lib --without-included-gettext --enable-threads=posix --libdir=/usr/lib --enable-nls --enable-clocale=gnu --enable-libstdcxx-debug --enable-libstdcxx-time=yes --with-default-libstdcxx-abi=new --enable-gnu-unique-object --disable-vtable-verify --enable-plugin --enable-default-pie --with-system-zlib --with-target-system-zlib=auto --enable-objc-gc=auto --enable-multiarch --disable-werror --with-arch-32=i686 --with-abi=m64 --with-multilib-list=m32,m64,mx32 --enable-multilib --with-tune=generic --enable-offload-targets=nvptx-none=/build/gcc-9-9QDOt0/gcc-9-9.4.0/debian/tmp-nvptx/usr,hsa --without-cuda-driver --enable-checking=release --build=x86_64-linux-gnu --host=x86_64-linux-gnu --target=x86_64-linux-gnu
Thread model: posix
gcc version 9.4.0 (Ubuntu 9.4.0-1ubuntu1~20.04.2) 
configure:5538: $? = 0
configure:5607: checking for gfortran
configure:5637: result: no
configure:5732: checking for g77
configure:5762: result: no
configure:5732: checking for gfortran
configure:5762: result: no
configure:5851: checking for gcj
configure:5881: result: no
configure:6077: checking that generated files are newer than configure
configure:6083: result: done
configure:6098: creating ./config.status

## ---------------------- ##
## Running config.status. ##
## ---------------------- ##

This file was extended by GNU Automake config.status 1.14, which was
generated by GNU Autoconf 2.69.  Invocation command line was

  CONFIG_FILES    = 
  CONFIG_HEADERS  = 
  CONFIG_LINKS    = 
  CONFIG_COMMANDS = 
  $ ./config.status 

on ubuntuBDD

config.status:820: creating Makefile
config.status:820: creating t/wrap/aclocal-1.14
config.status:820: creating t/wrap/automake-1.14

## ---------------- ##
## Cache variables. ##
## ---------------- ##

ac_cv_AM_TEST_RUNNER_SHELL=/bin/bash
ac_cv_build=x86_64-unknown-linux-gnu
ac_cv_c_compiler_gnu=yes
ac_cv_cxx_compiler_gnu=yes
ac_cv_env_AM_TEST_RUNNER_SHELL_set=
ac_cv_env_AM_TEST_RUNNER_SHELL_value=
ac_cv_env_CCC_set=
ac_cv_env_CCC_value=
ac_cv_env_CC_set=
ac_cv_env_CC_value=
ac_cv_env_CFLAGS_set=
ac_cv_env_CFLAGS_value=
ac_cv_env_CPPFLAGS_set=
ac_cv_env_CPPFLAGS_value=
ac_cv_env_CXXFLAGS_set=
ac_cv_env_CXXFLAGS_value=
ac_cv_env_CXX_set=
ac_cv_env_CXX_value=
ac_cv_env_F77_set=
ac_cv_env_F77_value=
ac_cv_env_FCFLAGS_set=
ac_cv_env_FCFLAGS_value=
ac_cv_env_FC_set=
ac_cv_env_FC_value=
ac_cv_env_FFLAGS_set=
ac_cv_env_FFLAGS_value=
ac_cv_env_GNU_CC_set=
ac_cv_env_GNU_CC_value=
ac_cv_env_GNU_CFLAGS_set=
ac_cv_env_GNU_CFLAGS_value=
ac_cv_env_GNU_CXXFLAGS_set=
ac_cv_env_GNU_CXXFLAGS_value=
ac_cv_env_GNU_CXX_set=
ac_cv_env_GNU_CXX_value=
ac_cv_env_GNU_F77_set=
ac_cv_env_GNU_F77_value=
ac_cv_env_GNU_FCFLAGS_set=
ac_cv_env_GNU_FCFLAGS_value=
ac_cv_env_GNU_FC_set=
ac_cv_env_GNU_FC_value=
ac_cv_env_GNU_FFLAGS_set=
ac_cv_env_GNU_FFLAGS_value=
ac_cv_env_GNU_GCJFLAGS_set=
ac_cv_env_GNU_GCJFLAGS_value=
ac_cv_env_GNU_GCJ_set=
ac_cv_env_GNU_GCJ_value=
ac_cv_env_LDFLAGS_set=
ac_cv_env_LDFLAGS_value=
ac_cv_env_LIBS_set=
ac_cv_env_LIBS_value=
ac_cv_env_build_alias_set=
ac_cv_env_build_alias_value=
ac_cv_env_host_alias_set=
ac_cv_env_host_alias_value=
ac_cv_env_target_alias_set=
ac_cv_env_target_alias_value=
ac_cv_host=x86_64-unknown-linux-gnu
ac_cv_path_EGREP='/usr/bin/grep -E'
ac_cv_path_FGREP='/usr/bin/grep -F'
ac_cv_path_GREP=/usr/bin/grep
ac_cv_path_PERL=/usr/bin/perl
ac_cv_path_install='/usr/bin/install -c'
ac_cv_path_mkdir=/usr/bin/mkdir
ac_cv_prog_AWK=mawk
ac_cv_prog_ac_ct_CC=cc
ac_cv_prog_ac_ct_CXX=c++
ac_cv_prog_cc_c89=
ac_cv_prog_cc_g=yes
ac_cv_prog_cxx_g=yes
ac_cv_prog_make_make_set=yes
am_cv_autoconf_installed=yes
am_cv_autoconf_version=yes
am_cv_autoconf_works=yes
am_cv_make_support_nested_variables=yes
am_cv_prog_cc_c_o=yes
am_cv_prog_ln=ln

## ----------------- ##
## Output variables. ##
## ----------------- ##

ACLOCAL='"/home/lyc/桌面/cudd-3.0.0/automake-1.14/t/wrap/aclocal-1.14"'
AMTAR='$${TAR-tar}'
AM_BACKSLASH='\'
AM_DEFAULT_V='$(AM_DEFAULT_VERBOSITY)'
AM_DEFAULT_VERBOSITY='0'
AM_TEST_RUNNER_SHELL='/bin/bash'
AM_V='$(V)'
APIVERSION='1.14'
AUTOCONF='${SHELL} /home/lyc/桌面/cudd-3.0.0/automake-1.14/lib/missing autoconf'
AUTOHEADER='${SHELL} /home/lyc/桌面/cudd-3.0.0/automake-1.14/lib/missing autoheader'
AUTOMAKE='"/home/lyc/桌面/cudd-3.0.0/automake-1.14/t/wrap/automake-1.14"'
AWK='mawk'
CC='cc'
CFLAGS='-g -O2'
CPPFLAGS=''
CXX='c++'
CXXFLAGS='-g -O2'
CYGPATH_W='echo'
DEFS='-DPACKAGE_NAME=\"GNU\ Automake\" -DPACKAGE_TARNAME=\"automake\" -DPACKAGE_VERSION=\"1.14\" -DPACKAGE_STRING=\"GNU\ Automake\ 1.14\" -DPACKAGE_BUGREPORT=\"bug-automake@gnu.org\" -DPACKAGE_URL=\"http://www.gnu.org/software/automake/\"'
ECHO_C=''
ECHO_N='-n'
ECHO_T=''
EGREP='/usr/bin/grep -E'
EXEEXT='UNKNOWN'
F77='false'
FC='false'
FCFLAGS=''
FFLAGS=''
FGREP='/usr/bin/grep -F'
GNU_CC='cc'
GNU_CFLAGS='-g -O2'
GNU_CXX='c++'
GNU_CXXFLAGS='-g -O2'
GNU_F77='false'
GNU_FC='false'
GNU_FCFLAGS=''
GNU_FFLAGS=''
GNU_GCJ='false'
GNU_GCJFLAGS=''
GREP='/usr/bin/grep'
INSTALL_DATA='${INSTALL} -m 644'
INSTALL_PROGRAM='${INSTALL}'
INSTALL_SCRIPT='${INSTALL}'
INSTALL_STRIP_PROGRAM='$(install_sh) -c -s'
LDFLAGS=''
LEX='false'
LIBOBJS=''
LIBS=''
LN='ln'
LN_S='ln -s'
LTLIBOBJS=''
MAKEINFO='${SHELL} /home/lyc/桌面/cudd-3.0.0/automake-1.14/lib/missing makeinfo'
MKDIR_P='/usr/bin/mkdir -p'
MODIFICATION_DELAY='2'
OBJEXT='UNKNOWN'
PACKAGE='automake'
PACKAGE_BUGREPORT='bug-automake@gnu.org'
PACKAGE_NAME='GNU Automake'
PACKAGE_STRING='GNU Automake 1.14'
PACKAGE_TARNAME='automake'
PACKAGE_URL='http://www.gnu.org/software/automake/'
PACKAGE_VERSION='1.14'
PATH_SEPARATOR=':'
PERL='/usr/bin/perl'
RELEASE_YEAR='2013'
SET_MAKE=''
SHELL='/bin/bash'
STRIP=''
TEX=''
VERSION='1.14'
YACC='false'
ac_ct_CC='cc'
ac_ct_CXX='c++'
ac_ct_F77=''
ac_ct_FC=''
ac_ct_GNU_CC=''
ac_ct_GNU_CXX=''
ac_ct_GNU_F77=''
ac_ct_GNU_FC=''
ac_ct_GNU_GCJ=''
am_AUTOCONF='autoconf'
am_AUTOHEADER='autoheader'
am_AUTOM4TE='autom4te'
am_AUTORECONF='autoreconf'
am_AUTOUPDATE='autoupdate'
am__EXEEXT_FALSE='#'
am__EXEEXT_TRUE=''
am__isrc=''
am__leading_dot='.'
am__tar='$${TAR-tar} chof - "$$tardir"'
am__untar='$${TAR-tar} xf -'
am_candidate_sh=''
amdir='${pkgvdatadir}/am'
automake_acdir='${datadir}/aclocal-1.14'
bindir='${exec_prefix}/bin'
build='x86_64-unknown-linux-gnu'
build_alias=''
build_cpu='x86_64'
build_os='linux-gnu'
build_vendor='unknown'
datadir='${datarootdir}'
datarootdir='${prefix}/share'
docdir='${datarootdir}/doc/${PACKAGE_TARNAME}'
dvidir='${docdir}'
exec_prefix='${prefix}'
host='x86_64-unknown-linux-gnu'
host_alias=''
host_cpu='x86_64'
host_os='linux-gnu'
host_vendor='unknown'
htmldir='${docdir}'
includedir='${prefix}/include'
infodir='${datarootdir}/info'
install_sh='${SHELL} /home/lyc/桌面/cudd-3.0.0/automake-1.14/lib/install-sh'
libdir='${exec_prefix}/lib'
libexecdir='${exec_prefix}/libexec'
localedir='${datarootdir}/locale'
localstatedir='${prefix}/var'
mandir='${datarootdir}/man'
mkdir_p='$(MKDIR_P)'
oldincludedir='/usr/include'
pdfdir='${docdir}'
pkgvdatadir='${datadir}/automake-1.14'
prefix='/usr/local'
program_transform_name='s,x,x,'
psdir='${docdir}'
required_autoconf_version='2.65'
sbindir='${exec_prefix}/sbin'
scriptdir='${pkgvdatadir}'
sharedstatedir='${prefix}/com'
sysconfdir='${prefix}/etc'
system_acdir='${datadir}/aclocal'
target_alias=''

## ----------- ##
## confdefs.h. ##
## ----------- ##

/* confdefs.h */
#define PACKAGE_NAME "GNU Automake"
#define PACKAGE_TARNAME "automake"
#define PACKAGE_VERSION "1.14"
#define PACKAGE_STRING "GNU Automake 1.14"
#define PACKAGE_BUGREPORT "bug-automake@gnu.org"
#define PACKAGE_URL "http://www.gnu.org/software/automake/"

configure: exit 0

## ---------------------- ##
## Running config.status. ##
## ---------------------- ##

This file was extended by GNU Automake config.status 1.14, which was
generated by GNU Autoconf 2.69.  Invocation command line was

  CONFIG_FILES    = 
  CONFIG_HEADERS  = 
  CONFIG_LINKS    = 
  CONFIG_COMMANDS = 
  $ ./config.status --file=-

on ubuntuBDD


## ---------------------- ##
## Running config.status. ##
## ---------------------- ##

This file was extended by GNU Automake config.status 1.14, which was
generated by GNU Autoconf 2.69.  Invocation command line was

  CONFIG_FILES    = 
  CONFIG_HEADERS  = 
  CONFIG_LINKS    = 
  CONFIG_COMMANDS = 
  $ ./config.status --file=-

on ubuntuBDD


## ---------------------- ##
## Running config.status. ##
## ---------------------- ##

This file was extended by GNU Automake config.status 1.14, which was
generated by GNU Autoconf 2.69.  Invocation command line was

  CONFIG_FILES    = 
  CONFIG_HEADERS  = 
  CONFIG_LINKS    = 
  CONFIG_COMMANDS = 
  $ ./config.status --file=-

on ubuntuBDD


## ---------------------- ##
## Running config.status. ##
## ---------------------- ##

This file was extended by GNU Automake config.status 1.14, which was
generated by GNU Autoconf 2.69.  Invocation command line was

  CONFIG_FILES    = 
  CONFIG_HEADERS  = 
  CONFIG_LINKS    = 
  CONFIG_COMMANDS = 
  $ ./config.status --file=-

on ubuntuBDD


## ---------------------- ##
## Running config.status. ##
## ---------------------- ##

This file was extended by GNU Automake config.status 1.14, which was
generated by GNU Autoconf 2.69.  Invocation command line was

  CONFIG_FILES    = 
  CONFIG_HEADERS  = 
  CONFIG_LINKS    = 
  CONFIG_COMMANDS = 
  $ ./config.status --file=-

on ubuntuBDD


## ---------------------- ##
## Running config.status. ##
## ---------------------- ##

This file was extended by GNU Automake config.status 1.14, which was
generated by GNU Autoconf 2.69.  Invocation command line was

  CONFIG_FILES    = 
  CONFIG_HEADERS  = 
  CONFIG_LINKS    = 
  CONFIG_COMMANDS = 
  $ ./config.status --file=-

on ubuntuBDD


## ---------------------- ##
## Running config.status. ##
## ---------------------- ##

This file was extended by GNU Automake config.status 1.14, which was
generated by GNU Autoconf 2.69.  Invocation command line was

  CONFIG_FILES    = 
  CONFIG_HEADERS  = 
  CONFIG_LINKS    = 
  CONFIG_COMMANDS = 
  $ ./config.status --file=-

on ubuntuBDD

